nWolverine-BLE2/app/build/intermediates/manifest_merge_blame_file/debug/manifest-merger-blame-debug-report.txt
1<?xml version="1.0" encoding="utf-8"?>
2<!--
3 Copyright (C) 2013 The Android Open Source Project
4
5     Licensed under the Apache License, Version 2.0 (the "License");
6     you may not use this file except in compliance with the License.
7     You may obtain a copy of the License at
8
9          http://www.apache.org/licenses/LICENSE-2.0
10
11     Unless required by applicable law or agreed to in writing, software
12     distributed under the License is distributed on an "AS IS" BASIS,
13     WITHOUT WARRANTIES OR CONDITIONS OF ANY KIND, either express or implied.
14     See the License for the specific language governing permissions and
15     limitations under the License.
16-->
17<!-- com.nordicsemi.nrfUARTv2 -->
18<manifest xmlns:android="http://schemas.android.com/apk/res/android"
19    package="com.wolverine.ble"
20    android:versionCode="43"
21    android:versionName="2.0" >
22
23    <uses-sdk
23-->src\main\AndroidManifest.xml:22:5-47
24        android:minSdkVersion="18"
24-->src\main\AndroidManifest.xml:22:5-47
25        android:targetSdkVersion="18" />
25-->src\main\AndroidManifest.xml:22:15-44
26
27    <uses-permission android:name="android.permission.BLUETOOTH" />
27-->src\main\AndroidManifest.xml:23:5-68
27-->src\main\AndroidManifest.xml:23:22-65
28    <uses-permission android:name="android.permission.BLUETOOTH_ADMIN" />
28-->src\main\AndroidManifest.xml:24:5-74
28-->src\main\AndroidManifest.xml:24:22-71
29
30    <application
30-->src\main\AndroidManifest.xml:26:5-43:19
31        android:debuggable="true"
32        android:icon="@drawable/nrfuart_hdpi_icon"
32-->src\main\AndroidManifest.xml:29:9-51
33        android:label="@string/app_name"
33-->src\main\AndroidManifest.xml:27:9-41
34        android:testOnly="true"
35        android:theme="@android:style/Theme.Holo.Light" >
35-->src\main\AndroidManifest.xml:28:9-56
36        <activity
36-->src\main\AndroidManifest.xml:30:9-40:20
37            android:name="com.wolverine.ble.MainActivity"
37-->src\main\AndroidManifest.xml:31:13-58
38            android:configChanges="keyboardHidden|orientation|screenSize"
38-->src\main\AndroidManifest.xml:34:13-74
39            android:label="@string/app_name"
39-->src\main\AndroidManifest.xml:32:13-45
40            android:windowSoftInputMode="stateHidden" >
40-->src\main\AndroidManifest.xml:33:13-54
41            <intent-filter>
41-->src\main\AndroidManifest.xml:35:13-39:29
42                <action android:name="android.intent.action.MAIN" />
42-->src\main\AndroidManifest.xml:36:17-69
42-->src\main\AndroidManifest.xml:36:25-66
43
44                <category android:name="android.intent.category.LAUNCHER" />
44-->src\main\AndroidManifest.xml:38:17-77
44-->src\main\AndroidManifest.xml:38:27-74
45            </intent-filter>
46        </activity>
47        <activity
47-->src\main\AndroidManifest.xml:41:9-149
48            android:name="com.wolverine.ble.DeviceListActivity"
48-->src\main\AndroidManifest.xml:41:19-70
49            android:label="@string/app_name"
49-->src\main\AndroidManifest.xml:41:71-103
50            android:theme="@android:style/Theme.Dialog" />
50-->src\main\AndroidManifest.xml:41:104-147
51
52        <service
52-->src\main\AndroidManifest.xml:42:9-88
53            android:name="com.wolverine.ble.UartService"
53-->src\main\AndroidManifest.xml:42:41-85
54            android:enabled="true" />
54-->src\main\AndroidManifest.xml:42:18-40
55    </application>
56
57</manifest>